
*** Running vivado
    with args -log minized_petalinux_wireless_mgr_0_0.vds -m64 -product Vivado -mode batch -messageDb vivado.pb -notrace -source minized_petalinux_wireless_mgr_0_0.tcl


****** Vivado v2018.2.2 (64-bit)
  **** SW Build 2348494 on Mon Oct  1 18:25:44 MDT 2018
  **** IP Build 2318053 on Mon Oct  1 21:44:26 MDT 2018
    ** Copyright 1986-2018 Xilinx, Inc. All Rights Reserved.

source minized_petalinux_wireless_mgr_0_0.tcl -notrace
create_project: Time (s): cpu = 00:00:02 ; elapsed = 00:00:05 . Memory (MB): peak = 301.414 ; gain = 70.816
Command: synth_design -top minized_petalinux_wireless_mgr_0_0 -part xc7z007sclg225-1 -mode out_of_context
Starting synth_design
Attempting to get a license for feature 'Synthesis' and/or device 'xc7z007s'
INFO: [Common 17-349] Got license for feature 'Synthesis' and/or device 'xc7z007s'
INFO: Launching helper process for spawning children vivado processes
INFO: Helper process launched with PID 381056 
---------------------------------------------------------------------------------
Starting RTL Elaboration : Time (s): cpu = 00:00:06 ; elapsed = 00:00:08 . Memory (MB): peak = 448.461 ; gain = 104.195
---------------------------------------------------------------------------------
INFO: [Synth 8-638] synthesizing module 'minized_petalinux_wireless_mgr_0_0' [e:/MINIZED_N3Z/minized_petalinux.srcs/sources_1/bd/minized_petalinux/ip/minized_petalinux_wireless_mgr_0_0/synth/minized_petalinux_wireless_mgr_0_0.vhd:89]
INFO: [Synth 8-3491] module 'wireless_mgr' declared at 'E:/MINIZED_N3Z/minized_petalinux.srcs/sources_1/imports/vhdl/wireless_mgr.vhd:43' bound to instance 'U0' of component 'wireless_mgr' [e:/MINIZED_N3Z/minized_petalinux.srcs/sources_1/bd/minized_petalinux/ip/minized_petalinux_wireless_mgr_0_0/synth/minized_petalinux_wireless_mgr_0_0.vhd:139]
INFO: [Synth 8-638] synthesizing module 'wireless_mgr' [E:/MINIZED_N3Z/minized_petalinux.srcs/sources_1/imports/vhdl/wireless_mgr.vhd:81]
INFO: [Synth 8-3491] module 'IOBUF' declared at 'E:/Xilinx/Vivado/2018.2/scripts/rt/data/unisim_comp.v:22660' bound to instance 'sdio_cmd_iobuf' of component 'IOBUF' [E:/MINIZED_N3Z/minized_petalinux.srcs/sources_1/imports/vhdl/wireless_mgr.vhd:95]
INFO: [Synth 8-6157] synthesizing module 'IOBUF' [E:/Xilinx/Vivado/2018.2/scripts/rt/data/unisim_comp.v:22660]
	Parameter DRIVE bound to: 12 - type: integer 
	Parameter IBUF_LOW_PWR bound to: TRUE - type: string 
	Parameter IOSTANDARD bound to: DEFAULT - type: string 
	Parameter SLEW bound to: SLOW - type: string 
INFO: [Synth 8-6155] done synthesizing module 'IOBUF' (1#1) [E:/Xilinx/Vivado/2018.2/scripts/rt/data/unisim_comp.v:22660]
INFO: [Synth 8-3491] module 'IOBUF' declared at 'E:/Xilinx/Vivado/2018.2/scripts/rt/data/unisim_comp.v:22660' bound to instance 'sdio_dat0_iobuf' of component 'IOBUF' [E:/MINIZED_N3Z/minized_petalinux.srcs/sources_1/imports/vhdl/wireless_mgr.vhd:103]
INFO: [Synth 8-3491] module 'IOBUF' declared at 'E:/Xilinx/Vivado/2018.2/scripts/rt/data/unisim_comp.v:22660' bound to instance 'sdio_dat1_iobuf' of component 'IOBUF' [E:/MINIZED_N3Z/minized_petalinux.srcs/sources_1/imports/vhdl/wireless_mgr.vhd:111]
INFO: [Synth 8-3491] module 'IOBUF' declared at 'E:/Xilinx/Vivado/2018.2/scripts/rt/data/unisim_comp.v:22660' bound to instance 'sdio_dat2_iobuf' of component 'IOBUF' [E:/MINIZED_N3Z/minized_petalinux.srcs/sources_1/imports/vhdl/wireless_mgr.vhd:119]
INFO: [Synth 8-3491] module 'IOBUF' declared at 'E:/Xilinx/Vivado/2018.2/scripts/rt/data/unisim_comp.v:22660' bound to instance 'sdio_dat3_iobuf' of component 'IOBUF' [E:/MINIZED_N3Z/minized_petalinux.srcs/sources_1/imports/vhdl/wireless_mgr.vhd:127]
INFO: [Synth 8-256] done synthesizing module 'wireless_mgr' (2#1) [E:/MINIZED_N3Z/minized_petalinux.srcs/sources_1/imports/vhdl/wireless_mgr.vhd:81]
INFO: [Synth 8-256] done synthesizing module 'minized_petalinux_wireless_mgr_0_0' (3#1) [e:/MINIZED_N3Z/minized_petalinux.srcs/sources_1/bd/minized_petalinux/ip/minized_petalinux_wireless_mgr_0_0/synth/minized_petalinux_wireless_mgr_0_0.vhd:89]
WARNING: [Synth 8-3331] design wireless_mgr has unconnected port GPIO_to_Zynq[2]
WARNING: [Synth 8-3331] design wireless_mgr has unconnected port GPIO_to_Zynq[0]
WARNING: [Synth 8-3331] design wireless_mgr has unconnected port GPIO_from_Zynq[3]
WARNING: [Synth 8-3331] design wireless_mgr has unconnected port GPIO_from_Zynq[1]
WARNING: [Synth 8-3331] design wireless_mgr has unconnected port GPIO_dir[3]
WARNING: [Synth 8-3331] design wireless_mgr has unconnected port GPIO_dir[1]
---------------------------------------------------------------------------------
Finished RTL Elaboration : Time (s): cpu = 00:00:08 ; elapsed = 00:00:10 . Memory (MB): peak = 502.586 ; gain = 158.320
---------------------------------------------------------------------------------

Report Check Netlist: 
+------+------------------+-------+---------+-------+------------------+
|      |Item              |Errors |Warnings |Status |Description       |
+------+------------------+-------+---------+-------+------------------+
|1     |multi_driven_nets |      0|        0|Passed |Multi driven nets |
+------+------------------+-------+---------+-------+------------------+
---------------------------------------------------------------------------------
Start Handling Custom Attributes
---------------------------------------------------------------------------------
---------------------------------------------------------------------------------
Finished Handling Custom Attributes : Time (s): cpu = 00:00:09 ; elapsed = 00:00:11 . Memory (MB): peak = 502.586 ; gain = 158.320
---------------------------------------------------------------------------------
---------------------------------------------------------------------------------
Finished RTL Optimization Phase 1 : Time (s): cpu = 00:00:09 ; elapsed = 00:00:11 . Memory (MB): peak = 502.586 ; gain = 158.320
---------------------------------------------------------------------------------
INFO: [Netlist 29-17] Analyzing 5 Unisim elements for replacement
INFO: [Netlist 29-28] Unisim Transformation completed in 0 CPU seconds
INFO: [Device 21-403] Loading part xc7z007sclg225-1
INFO: [Project 1-570] Preparing netlist for logic optimization

Processing XDC Constraints
Initializing timing engine
Completed Processing XDC Constraints

INFO: [Project 1-111] Unisim Transformation Summary:
  A total of 5 instances were transformed.
  IOBUF => IOBUF (IBUF, OBUFT): 5 instances

WARNING: [Constraints 18-5210] No constraint will be written out.
Constraint Validation Runtime : Time (s): cpu = 00:00:00 ; elapsed = 00:00:00.273 . Memory (MB): peak = 783.582 ; gain = 1.488
---------------------------------------------------------------------------------
Finished Constraint Validation : Time (s): cpu = 00:00:29 ; elapsed = 00:00:40 . Memory (MB): peak = 783.582 ; gain = 439.316
---------------------------------------------------------------------------------
---------------------------------------------------------------------------------
Start Loading Part and Timing Information
---------------------------------------------------------------------------------
Loading part: xc7z007sclg225-1
---------------------------------------------------------------------------------
Finished Loading Part and Timing Information : Time (s): cpu = 00:00:29 ; elapsed = 00:00:40 . Memory (MB): peak = 783.582 ; gain = 439.316
---------------------------------------------------------------------------------
---------------------------------------------------------------------------------
Start Applying 'set_property' XDC Constraints
---------------------------------------------------------------------------------
---------------------------------------------------------------------------------
Finished applying 'set_property' XDC Constraints : Time (s): cpu = 00:00:29 ; elapsed = 00:00:40 . Memory (MB): peak = 783.582 ; gain = 439.316
---------------------------------------------------------------------------------
---------------------------------------------------------------------------------
Finished RTL Optimization Phase 2 : Time (s): cpu = 00:00:29 ; elapsed = 00:00:40 . Memory (MB): peak = 783.582 ; gain = 439.316
---------------------------------------------------------------------------------

Report RTL Partitions: 
+-+--------------+------------+----------+
| |RTL Partition |Replication |Instances |
+-+--------------+------------+----------+
+-+--------------+------------+----------+
---------------------------------------------------------------------------------
Start RTL Component Statistics 
---------------------------------------------------------------------------------
Detailed RTL Component Info : 
---------------------------------------------------------------------------------
Finished RTL Component Statistics 
---------------------------------------------------------------------------------
---------------------------------------------------------------------------------
Start RTL Hierarchical Component Statistics 
---------------------------------------------------------------------------------
Hierarchical RTL Component report 
---------------------------------------------------------------------------------
Finished RTL Hierarchical Component Statistics
---------------------------------------------------------------------------------
---------------------------------------------------------------------------------
Start Part Resource Summary
---------------------------------------------------------------------------------
Part Resources:
DSPs: 66 (col length:40)
BRAMs: 100 (col length: RAMB18 40 RAMB36 20)
---------------------------------------------------------------------------------
Finished Part Resource Summary
---------------------------------------------------------------------------------
---------------------------------------------------------------------------------
Start Cross Boundary and Area Optimization
---------------------------------------------------------------------------------
Warning: Parallel synthesis criteria is not met 
INFO: [Synth 8-3917] design minized_petalinux_wireless_mgr_0_0 has port SDIO_CDN driven by constant 0
INFO: [Synth 8-3917] design minized_petalinux_wireless_mgr_0_0 has port SDIO_WP driven by constant 0
WARNING: [Synth 8-3331] design minized_petalinux_wireless_mgr_0_0 has unconnected port GPIO_to_Zynq[2]
WARNING: [Synth 8-3331] design minized_petalinux_wireless_mgr_0_0 has unconnected port GPIO_to_Zynq[0]
WARNING: [Synth 8-3331] design minized_petalinux_wireless_mgr_0_0 has unconnected port GPIO_from_Zynq[3]
WARNING: [Synth 8-3331] design minized_petalinux_wireless_mgr_0_0 has unconnected port GPIO_from_Zynq[1]
WARNING: [Synth 8-3331] design minized_petalinux_wireless_mgr_0_0 has unconnected port GPIO_dir[3]
WARNING: [Synth 8-3331] design minized_petalinux_wireless_mgr_0_0 has unconnected port GPIO_dir[1]
---------------------------------------------------------------------------------
Finished Cross Boundary and Area Optimization : Time (s): cpu = 00:00:31 ; elapsed = 00:00:42 . Memory (MB): peak = 783.582 ; gain = 439.316
---------------------------------------------------------------------------------

Report RTL Partitions: 
+-+--------------+------------+----------+
| |RTL Partition |Replication |Instances |
+-+--------------+------------+----------+
+-+--------------+------------+----------+
---------------------------------------------------------------------------------
Start Applying XDC Timing Constraints
---------------------------------------------------------------------------------
---------------------------------------------------------------------------------
Finished Applying XDC Timing Constraints : Time (s): cpu = 00:00:53 ; elapsed = 00:01:06 . Memory (MB): peak = 815.242 ; gain = 470.977
---------------------------------------------------------------------------------
---------------------------------------------------------------------------------
Start Timing Optimization
---------------------------------------------------------------------------------
---------------------------------------------------------------------------------
Finished Timing Optimization : Time (s): cpu = 00:00:53 ; elapsed = 00:01:06 . Memory (MB): peak = 815.242 ; gain = 470.977
---------------------------------------------------------------------------------

Report RTL Partitions: 
+-+--------------+------------+----------+
| |RTL Partition |Replication |Instances |
+-+--------------+------------+----------+
+-+--------------+------------+----------+
---------------------------------------------------------------------------------
Start Technology Mapping
---------------------------------------------------------------------------------
---------------------------------------------------------------------------------
Finished Technology Mapping : Time (s): cpu = 00:00:53 ; elapsed = 00:01:06 . Memory (MB): peak = 815.242 ; gain = 470.977
---------------------------------------------------------------------------------

Report RTL Partitions: 
+-+--------------+------------+----------+
| |RTL Partition |Replication |Instances |
+-+--------------+------------+----------+
+-+--------------+------------+----------+
---------------------------------------------------------------------------------
Start IO Insertion
---------------------------------------------------------------------------------
---------------------------------------------------------------------------------
Start Flattening Before IO Insertion
---------------------------------------------------------------------------------
---------------------------------------------------------------------------------
Finished Flattening Before IO Insertion
---------------------------------------------------------------------------------
---------------------------------------------------------------------------------
Start Final Netlist Cleanup
---------------------------------------------------------------------------------
---------------------------------------------------------------------------------
Finished Final Netlist Cleanup
---------------------------------------------------------------------------------
CRITICAL WARNING: [Synth 8-5799] Converted tricell instance 'U0i_0' to logic
CRITICAL WARNING: [Synth 8-5799] Converted tricell instance 'U0i_1' to logic
---------------------------------------------------------------------------------
Finished IO Insertion : Time (s): cpu = 00:00:56 ; elapsed = 00:01:09 . Memory (MB): peak = 816.637 ; gain = 472.371
---------------------------------------------------------------------------------

Report Check Netlist: 
+------+------------------+-------+---------+-------+------------------+
|      |Item              |Errors |Warnings |Status |Description       |
+------+------------------+-------+---------+-------+------------------+
|1     |multi_driven_nets |      0|        0|Passed |Multi driven nets |
+------+------------------+-------+---------+-------+------------------+
---------------------------------------------------------------------------------
Start Renaming Generated Instances
---------------------------------------------------------------------------------
---------------------------------------------------------------------------------
Finished Renaming Generated Instances : Time (s): cpu = 00:00:56 ; elapsed = 00:01:09 . Memory (MB): peak = 816.637 ; gain = 472.371
---------------------------------------------------------------------------------

Report RTL Partitions: 
+-+--------------+------------+----------+
| |RTL Partition |Replication |Instances |
+-+--------------+------------+----------+
+-+--------------+------------+----------+
---------------------------------------------------------------------------------
Start Rebuilding User Hierarchy
---------------------------------------------------------------------------------
---------------------------------------------------------------------------------
Finished Rebuilding User Hierarchy : Time (s): cpu = 00:00:56 ; elapsed = 00:01:09 . Memory (MB): peak = 816.637 ; gain = 472.371
---------------------------------------------------------------------------------
---------------------------------------------------------------------------------
Start Renaming Generated Ports
---------------------------------------------------------------------------------
---------------------------------------------------------------------------------
Finished Renaming Generated Ports : Time (s): cpu = 00:00:56 ; elapsed = 00:01:09 . Memory (MB): peak = 816.637 ; gain = 472.371
---------------------------------------------------------------------------------
---------------------------------------------------------------------------------
Start Handling Custom Attributes
---------------------------------------------------------------------------------
---------------------------------------------------------------------------------
Finished Handling Custom Attributes : Time (s): cpu = 00:00:56 ; elapsed = 00:01:09 . Memory (MB): peak = 816.637 ; gain = 472.371
---------------------------------------------------------------------------------
---------------------------------------------------------------------------------
Start Renaming Generated Nets
---------------------------------------------------------------------------------
---------------------------------------------------------------------------------
Finished Renaming Generated Nets : Time (s): cpu = 00:00:56 ; elapsed = 00:01:09 . Memory (MB): peak = 816.637 ; gain = 472.371
---------------------------------------------------------------------------------
---------------------------------------------------------------------------------
Start Writing Synthesis Report
---------------------------------------------------------------------------------

Report BlackBoxes: 
+-+--------------+----------+
| |BlackBox name |Instances |
+-+--------------+----------+
+-+--------------+----------+

Report Cell Usage: 
+------+------+------+
|      |Cell  |Count |
+------+------+------+
|1     |LUT1  |     2|
|2     |LUT2  |     2|
|3     |IOBUF |     5|
+------+------+------+

Report Instance Areas: 
+------+---------+-------------+------+
|      |Instance |Module       |Cells |
+------+---------+-------------+------+
|1     |top      |             |     9|
|2     |  U0     |wireless_mgr |     5|
+------+---------+-------------+------+
---------------------------------------------------------------------------------
Finished Writing Synthesis Report : Time (s): cpu = 00:00:56 ; elapsed = 00:01:09 . Memory (MB): peak = 816.637 ; gain = 472.371
---------------------------------------------------------------------------------
Synthesis finished with 0 errors, 2 critical warnings and 6 warnings.
Synthesis Optimization Runtime : Time (s): cpu = 00:00:32 ; elapsed = 00:00:46 . Memory (MB): peak = 816.637 ; gain = 191.375
Synthesis Optimization Complete : Time (s): cpu = 00:00:56 ; elapsed = 00:01:09 . Memory (MB): peak = 816.637 ; gain = 472.371
INFO: [Project 1-571] Translating synthesized netlist
INFO: [Netlist 29-17] Analyzing 5 Unisim elements for replacement
INFO: [Netlist 29-28] Unisim Transformation completed in 0 CPU seconds
INFO: [Project 1-570] Preparing netlist for logic optimization
INFO: [Opt 31-138] Pushed 0 inverter(s) to 0 load pin(s).
INFO: [Project 1-111] Unisim Transformation Summary:
  A total of 5 instances were transformed.
  IOBUF => IOBUF (IBUF, OBUFT): 5 instances

INFO: [Common 17-83] Releasing license: Synthesis
27 Infos, 13 Warnings, 2 Critical Warnings and 0 Errors encountered.
synth_design completed successfully
synth_design: Time (s): cpu = 00:00:59 ; elapsed = 00:01:15 . Memory (MB): peak = 835.098 ; gain = 503.758
WARNING: [Constraints 18-5210] No constraint will be written out.
INFO: [Common 17-1381] The checkpoint 'E:/MINIZED_N3Z/minized_petalinux.runs/minized_petalinux_wireless_mgr_0_0_synth_1/minized_petalinux_wireless_mgr_0_0.dcp' has been generated.
WARNING: [Constraints 18-5210] No constraint will be written out.
INFO: [Common 17-1381] The checkpoint 'E:/MINIZED_N3Z/minized_petalinux.runs/minized_petalinux_wireless_mgr_0_0_synth_1/minized_petalinux_wireless_mgr_0_0.dcp' has been generated.
INFO: [runtcl-4] Executing : report_utilization -file minized_petalinux_wireless_mgr_0_0_utilization_synth.rpt -pb minized_petalinux_wireless_mgr_0_0_utilization_synth.pb
report_utilization: Time (s): cpu = 00:00:00 ; elapsed = 00:00:00.246 . Memory (MB): peak = 835.098 ; gain = 0.000
INFO: [Common 17-206] Exiting Vivado at Thu Mar 28 18:40:16 2019...
