
+------------------+------------------------------------+
| Setting          |     Configuration                  |
+------------------+------------------------------------+
| Board            |     MINIZED                        |
+------------------+------------------------------------+
| Project          |     minized_petalinux              |
+------------------+------------------------------------+
| SDK              |     yes                            |
+------------------+------------------------------------+
| No Close Project |     yes                            |
+------------------+------------------------------------+
| Version override |     yes                            |
+------------------+------------------------------------+



Your Build Took
seconds [1398]

or a total of:

days [0]
hrs  [0]
min  [23]
sec  [18]

to complete