
*** Running vivado
    with args -log minized_petalinux_xlconstant_1_0.vds -m64 -product Vivado -mode batch -messageDb vivado.pb -notrace -source minized_petalinux_xlconstant_1_0.tcl


****** Vivado v2018.2 (64-bit)
  **** SW Build 2258646 on Thu Jun 14 20:02:38 MDT 2018
  **** IP Build 2256618 on Thu Jun 14 22:10:49 MDT 2018
    ** Copyright 1986-2018 Xilinx, Inc. All Rights Reserved.

source minized_petalinux_xlconstant_1_0.tcl -notrace
Command: synth_design -top minized_petalinux_xlconstant_1_0 -part xc7z007sclg225-1 -mode out_of_context
Starting synth_design
Attempting to get a license for feature 'Synthesis' and/or device 'xc7z007s'
INFO: [Common 17-349] Got license for feature 'Synthesis' and/or device 'xc7z007s'
INFO: Launching helper process for spawning children vivado processes
INFO: Helper process launched with PID 22599 
---------------------------------------------------------------------------------
Starting RTL Elaboration : Time (s): cpu = 00:00:05 ; elapsed = 00:00:08 . Memory (MB): peak = 1438.812 ; gain = 82.902 ; free physical = 112615 ; free virtual = 183867
---------------------------------------------------------------------------------
INFO: [Synth 8-6157] synthesizing module 'minized_petalinux_xlconstant_1_0' [/apps_home/home/sroussea/VivadoProjects/2018.2/hdl/Projects/minized_petalinux/MINIZED/minized_petalinux.srcs/sources_1/bd/minized_petalinux/ip/minized_petalinux_xlconstant_1_0/synth/minized_petalinux_xlconstant_1_0.v:57]
INFO: [Synth 8-6157] synthesizing module 'xlconstant_v1_1_5_xlconstant' [/apps_home/home/sroussea/VivadoProjects/2018.2/hdl/Projects/minized_petalinux/MINIZED/minized_petalinux.srcs/sources_1/bd/minized_petalinux/ipshared/f1c3/hdl/xlconstant_v1_1_vl_rfs.v:23]
	Parameter CONST_VAL bound to: 0 - type: integer 
	Parameter CONST_WIDTH bound to: 1 - type: integer 
INFO: [Synth 8-6155] done synthesizing module 'xlconstant_v1_1_5_xlconstant' (1#1) [/apps_home/home/sroussea/VivadoProjects/2018.2/hdl/Projects/minized_petalinux/MINIZED/minized_petalinux.srcs/sources_1/bd/minized_petalinux/ipshared/f1c3/hdl/xlconstant_v1_1_vl_rfs.v:23]
INFO: [Synth 8-6155] done synthesizing module 'minized_petalinux_xlconstant_1_0' (2#1) [/apps_home/home/sroussea/VivadoProjects/2018.2/hdl/Projects/minized_petalinux/MINIZED/minized_petalinux.srcs/sources_1/bd/minized_petalinux/ip/minized_petalinux_xlconstant_1_0/synth/minized_petalinux_xlconstant_1_0.v:57]
---------------------------------------------------------------------------------
Finished RTL Elaboration : Time (s): cpu = 00:00:07 ; elapsed = 00:00:11 . Memory (MB): peak = 1483.445 ; gain = 127.535 ; free physical = 112462 ; free virtual = 183714
---------------------------------------------------------------------------------

Report Check Netlist: 
+------+------------------+-------+---------+-------+------------------+
|      |Item              |Errors |Warnings |Status |Description       |
+------+------------------+-------+---------+-------+------------------+
|1     |multi_driven_nets |      0|        0|Passed |Multi driven nets |
+------+------------------+-------+---------+-------+------------------+
---------------------------------------------------------------------------------
Start Handling Custom Attributes
---------------------------------------------------------------------------------
---------------------------------------------------------------------------------
Finished Handling Custom Attributes : Time (s): cpu = 00:00:07 ; elapsed = 00:00:12 . Memory (MB): peak = 1483.445 ; gain = 127.535 ; free physical = 112381 ; free virtual = 183634
---------------------------------------------------------------------------------
---------------------------------------------------------------------------------
Finished RTL Optimization Phase 1 : Time (s): cpu = 00:00:07 ; elapsed = 00:00:12 . Memory (MB): peak = 1483.445 ; gain = 127.535 ; free physical = 112381 ; free virtual = 183634
---------------------------------------------------------------------------------
INFO: [Device 21-403] Loading part xc7z007sclg225-1
INFO: [Project 1-570] Preparing netlist for logic optimization

Processing XDC Constraints
Initializing timing engine
Completed Processing XDC Constraints

INFO: [Project 1-111] Unisim Transformation Summary:
No Unisim elements were transformed.

WARNING: [Constraints 18-5210] No constraint will be written out.
Constraint Validation Runtime : Time (s): cpu = 00:00:00.14 ; elapsed = 00:00:00.42 . Memory (MB): peak = 1739.066 ; gain = 2.000 ; free physical = 111452 ; free virtual = 182740
---------------------------------------------------------------------------------
Finished Constraint Validation : Time (s): cpu = 00:00:29 ; elapsed = 00:01:42 . Memory (MB): peak = 1739.066 ; gain = 383.156 ; free physical = 111434 ; free virtual = 182738
---------------------------------------------------------------------------------
---------------------------------------------------------------------------------
Start Loading Part and Timing Information
---------------------------------------------------------------------------------
Loading part: xc7z007sclg225-1
---------------------------------------------------------------------------------
Finished Loading Part and Timing Information : Time (s): cpu = 00:00:29 ; elapsed = 00:01:42 . Memory (MB): peak = 1739.066 ; gain = 383.156 ; free physical = 111434 ; free virtual = 182738
---------------------------------------------------------------------------------
---------------------------------------------------------------------------------
Start Applying 'set_property' XDC Constraints
---------------------------------------------------------------------------------
---------------------------------------------------------------------------------
Finished applying 'set_property' XDC Constraints : Time (s): cpu = 00:00:29 ; elapsed = 00:01:42 . Memory (MB): peak = 1739.066 ; gain = 383.156 ; free physical = 111433 ; free virtual = 182737
---------------------------------------------------------------------------------
---------------------------------------------------------------------------------
Finished RTL Optimization Phase 2 : Time (s): cpu = 00:00:29 ; elapsed = 00:01:42 . Memory (MB): peak = 1739.066 ; gain = 383.156 ; free physical = 111429 ; free virtual = 182733
---------------------------------------------------------------------------------

Report RTL Partitions: 
+-+--------------+------------+----------+
| |RTL Partition |Replication |Instances |
+-+--------------+------------+----------+
+-+--------------+------------+----------+
---------------------------------------------------------------------------------
Start RTL Component Statistics 
---------------------------------------------------------------------------------
Detailed RTL Component Info : 
---------------------------------------------------------------------------------
Finished RTL Component Statistics 
---------------------------------------------------------------------------------
---------------------------------------------------------------------------------
Start RTL Hierarchical Component Statistics 
---------------------------------------------------------------------------------
Hierarchical RTL Component report 
---------------------------------------------------------------------------------
Finished RTL Hierarchical Component Statistics
---------------------------------------------------------------------------------
---------------------------------------------------------------------------------
Start Part Resource Summary
---------------------------------------------------------------------------------
Part Resources:
DSPs: 66 (col length:40)
BRAMs: 100 (col length: RAMB18 40 RAMB36 20)
---------------------------------------------------------------------------------
Finished Part Resource Summary
---------------------------------------------------------------------------------
---------------------------------------------------------------------------------
Start Cross Boundary and Area Optimization
---------------------------------------------------------------------------------
Warning: Parallel synthesis criteria is not met 
WARNING: [Synth 8-3330] design minized_petalinux_xlconstant_1_0 has an empty top module
INFO: [Synth 8-3917] design minized_petalinux_xlconstant_1_0 has port dout[0] driven by constant 0
---------------------------------------------------------------------------------
Finished Cross Boundary and Area Optimization : Time (s): cpu = 00:00:30 ; elapsed = 00:01:43 . Memory (MB): peak = 1739.066 ; gain = 383.156 ; free physical = 111338 ; free virtual = 182644
---------------------------------------------------------------------------------

Report RTL Partitions: 
+-+--------------+------------+----------+
| |RTL Partition |Replication |Instances |
+-+--------------+------------+----------+
+-+--------------+------------+----------+
---------------------------------------------------------------------------------
Start Applying XDC Timing Constraints
---------------------------------------------------------------------------------
---------------------------------------------------------------------------------
Finished Applying XDC Timing Constraints : Time (s): cpu = 00:00:44 ; elapsed = 00:02:08 . Memory (MB): peak = 1756.047 ; gain = 400.137 ; free physical = 110860 ; free virtual = 182173
---------------------------------------------------------------------------------
---------------------------------------------------------------------------------
Start Timing Optimization
---------------------------------------------------------------------------------
---------------------------------------------------------------------------------
Finished Timing Optimization : Time (s): cpu = 00:00:44 ; elapsed = 00:02:08 . Memory (MB): peak = 1756.047 ; gain = 400.137 ; free physical = 110862 ; free virtual = 182174
---------------------------------------------------------------------------------

Report RTL Partitions: 
+-+--------------+------------+----------+
| |RTL Partition |Replication |Instances |
+-+--------------+------------+----------+
+-+--------------+------------+----------+
---------------------------------------------------------------------------------
Start Technology Mapping
---------------------------------------------------------------------------------
---------------------------------------------------------------------------------
Finished Technology Mapping : Time (s): cpu = 00:00:44 ; elapsed = 00:02:08 . Memory (MB): peak = 1756.047 ; gain = 400.137 ; free physical = 110862 ; free virtual = 182175
---------------------------------------------------------------------------------

Report RTL Partitions: 
+-+--------------+------------+----------+
| |RTL Partition |Replication |Instances |
+-+--------------+------------+----------+
+-+--------------+------------+----------+
---------------------------------------------------------------------------------
Start IO Insertion
---------------------------------------------------------------------------------
---------------------------------------------------------------------------------
Start Flattening Before IO Insertion
---------------------------------------------------------------------------------
---------------------------------------------------------------------------------
Finished Flattening Before IO Insertion
---------------------------------------------------------------------------------
---------------------------------------------------------------------------------
Start Final Netlist Cleanup
---------------------------------------------------------------------------------
---------------------------------------------------------------------------------
Finished Final Netlist Cleanup
---------------------------------------------------------------------------------
---------------------------------------------------------------------------------
Finished IO Insertion : Time (s): cpu = 00:00:45 ; elapsed = 00:02:09 . Memory (MB): peak = 1756.051 ; gain = 400.141 ; free physical = 110790 ; free virtual = 182103
---------------------------------------------------------------------------------

Report Check Netlist: 
+------+------------------+-------+---------+-------+------------------+
|      |Item              |Errors |Warnings |Status |Description       |
+------+------------------+-------+---------+-------+------------------+
|1     |multi_driven_nets |      0|        0|Passed |Multi driven nets |
+------+------------------+-------+---------+-------+------------------+
---------------------------------------------------------------------------------
Start Renaming Generated Instances
---------------------------------------------------------------------------------
---------------------------------------------------------------------------------
Finished Renaming Generated Instances : Time (s): cpu = 00:00:45 ; elapsed = 00:02:09 . Memory (MB): peak = 1756.051 ; gain = 400.141 ; free physical = 110790 ; free virtual = 182103
---------------------------------------------------------------------------------

Report RTL Partitions: 
+-+--------------+------------+----------+
| |RTL Partition |Replication |Instances |
+-+--------------+------------+----------+
+-+--------------+------------+----------+
---------------------------------------------------------------------------------
Start Rebuilding User Hierarchy
---------------------------------------------------------------------------------
---------------------------------------------------------------------------------
Finished Rebuilding User Hierarchy : Time (s): cpu = 00:00:45 ; elapsed = 00:02:09 . Memory (MB): peak = 1756.051 ; gain = 400.141 ; free physical = 110790 ; free virtual = 182103
---------------------------------------------------------------------------------
---------------------------------------------------------------------------------
Start Renaming Generated Ports
---------------------------------------------------------------------------------
---------------------------------------------------------------------------------
Finished Renaming Generated Ports : Time (s): cpu = 00:00:45 ; elapsed = 00:02:09 . Memory (MB): peak = 1756.051 ; gain = 400.141 ; free physical = 110789 ; free virtual = 182102
---------------------------------------------------------------------------------
---------------------------------------------------------------------------------
Start Handling Custom Attributes
---------------------------------------------------------------------------------
---------------------------------------------------------------------------------
Finished Handling Custom Attributes : Time (s): cpu = 00:00:45 ; elapsed = 00:02:09 . Memory (MB): peak = 1756.051 ; gain = 400.141 ; free physical = 110788 ; free virtual = 182101
---------------------------------------------------------------------------------
---------------------------------------------------------------------------------
Start Renaming Generated Nets
---------------------------------------------------------------------------------
---------------------------------------------------------------------------------
Finished Renaming Generated Nets : Time (s): cpu = 00:00:45 ; elapsed = 00:02:09 . Memory (MB): peak = 1756.051 ; gain = 400.141 ; free physical = 110788 ; free virtual = 182101
---------------------------------------------------------------------------------
---------------------------------------------------------------------------------
Start Writing Synthesis Report
---------------------------------------------------------------------------------

Report BlackBoxes: 
+-+--------------+----------+
| |BlackBox name |Instances |
+-+--------------+----------+
+-+--------------+----------+

Report Cell Usage: 
+-+-----+------+
| |Cell |Count |
+-+-----+------+
+-+-----+------+

Report Instance Areas: 
+------+---------+-------+------+
|      |Instance |Module |Cells |
+------+---------+-------+------+
|1     |top      |       |     0|
+------+---------+-------+------+
---------------------------------------------------------------------------------
Finished Writing Synthesis Report : Time (s): cpu = 00:00:45 ; elapsed = 00:02:09 . Memory (MB): peak = 1756.051 ; gain = 400.141 ; free physical = 110788 ; free virtual = 182100
---------------------------------------------------------------------------------
Synthesis finished with 0 errors, 0 critical warnings and 1 warnings.
Synthesis Optimization Runtime : Time (s): cpu = 00:00:28 ; elapsed = 00:00:47 . Memory (MB): peak = 1756.051 ; gain = 144.520 ; free physical = 110928 ; free virtual = 182241
Synthesis Optimization Complete : Time (s): cpu = 00:00:45 ; elapsed = 00:02:10 . Memory (MB): peak = 1756.055 ; gain = 400.141 ; free physical = 110926 ; free virtual = 182238
INFO: [Project 1-571] Translating synthesized netlist
INFO: [Project 1-570] Preparing netlist for logic optimization
INFO: [Opt 31-138] Pushed 0 inverter(s) to 0 load pin(s).
INFO: [Project 1-111] Unisim Transformation Summary:
No Unisim elements were transformed.

INFO: [Common 17-83] Releasing license: Synthesis
14 Infos, 2 Warnings, 0 Critical Warnings and 0 Errors encountered.
synth_design completed successfully
synth_design: Time (s): cpu = 00:00:49 ; elapsed = 00:02:12 . Memory (MB): peak = 1775.051 ; gain = 430.691 ; free physical = 111415 ; free virtual = 182724
WARNING: [Constraints 18-5210] No constraint will be written out.
INFO: [Common 17-1381] The checkpoint '/apps_home/home/sroussea/VivadoProjects/2018.2/hdl/Projects/minized_petalinux/MINIZED/minized_petalinux.runs/minized_petalinux_xlconstant_1_0_synth_1/minized_petalinux_xlconstant_1_0.dcp' has been generated.
INFO: [Coretcl 2-1482] Added synthesis output to IP cache for IP /apps_home/home/sroussea/VivadoProjects/2018.2/hdl/Projects/minized_petalinux/MINIZED/minized_petalinux.srcs/sources_1/bd/minized_petalinux/ip/minized_petalinux_xlconstant_1_0/minized_petalinux_xlconstant_1_0.xci
WARNING: [Constraints 18-5210] No constraint will be written out.
INFO: [Common 17-1381] The checkpoint '/apps_home/home/sroussea/VivadoProjects/2018.2/hdl/Projects/minized_petalinux/MINIZED/minized_petalinux.runs/minized_petalinux_xlconstant_1_0_synth_1/minized_petalinux_xlconstant_1_0.dcp' has been generated.
INFO: [runtcl-4] Executing : report_utilization -file minized_petalinux_xlconstant_1_0_utilization_synth.rpt -pb minized_petalinux_xlconstant_1_0_utilization_synth.pb
report_utilization: Time (s): cpu = 00:00:00.10 ; elapsed = 00:00:00.31 . Memory (MB): peak = 1775.055 ; gain = 0.000 ; free physical = 112531 ; free virtual = 183838
INFO: [Common 17-206] Exiting Vivado at Thu Aug 16 21:58:40 2018...
