Copyright 1986-2018 Xilinx, Inc. All Rights Reserved.
-------------------------------------------------------------------------------------------------------------------------------------------------------------------------------
| Tool Version : Vivado v.2018.2.2 (win64) Build 2348494 Mon Oct  1 18:25:44 MDT 2018
| Date         : Thu Mar 28 18:47:09 2019
| Host         : MIRICOLT001 running 64-bit major release  (build 9200)
| Command      : report_utilization -file minized_petalinux_minized_user_dsp_pic_0_0_utilization_synth.rpt -pb minized_petalinux_minized_user_dsp_pic_0_0_utilization_synth.pb
| Design       : minized_petalinux_minized_user_dsp_pic_0_0
| Device       : 7z007sclg225-1
| Design State : Synthesized
-------------------------------------------------------------------------------------------------------------------------------------------------------------------------------

Utilization Design Information

Table of Contents
-----------------
1. Slice Logic
1.1 Summary of Registers by Type
2. Memory
3. DSP
4. IO and GT Specific
5. Clocking
6. Specific Feature
7. Primitives
8. Black Boxes
9. Instantiated Netlists

1. Slice Logic
--------------

+----------------------------+------+-------+-----------+-------+
|          Site Type         | Used | Fixed | Available | Util% |
+----------------------------+------+-------+-----------+-------+
| Slice LUTs*                |  535 |     0 |     14400 |  3.72 |
|   LUT as Logic             |  389 |     0 |     14400 |  2.70 |
|   LUT as Memory            |  146 |     0 |      6000 |  2.43 |
|     LUT as Distributed RAM |  112 |     0 |           |       |
|     LUT as Shift Register  |   34 |     0 |           |       |
| Slice Registers            |  640 |     0 |     28800 |  2.22 |
|   Register as Flip Flop    |  640 |     0 |     28800 |  2.22 |
|   Register as Latch        |    0 |     0 |     28800 |  0.00 |
| F7 Muxes                   |   32 |     0 |      8800 |  0.36 |
| F8 Muxes                   |   16 |     0 |      4400 |  0.36 |
+----------------------------+------+-------+-----------+-------+
* Warning! The Final LUT count, after physical optimizations and full implementation, is typically lower. Run opt_design after synthesis, if not already completed, for a more realistic count.


1.1 Summary of Registers by Type
--------------------------------

+-------+--------------+-------------+--------------+
| Total | Clock Enable | Synchronous | Asynchronous |
+-------+--------------+-------------+--------------+
| 0     |            _ |           - |            - |
| 0     |            _ |           - |          Set |
| 0     |            _ |           - |        Reset |
| 0     |            _ |         Set |            - |
| 0     |            _ |       Reset |            - |
| 0     |          Yes |           - |            - |
| 0     |          Yes |           - |          Set |
| 0     |          Yes |           - |        Reset |
| 4     |          Yes |         Set |            - |
| 636   |          Yes |       Reset |            - |
+-------+--------------+-------------+--------------+


2. Memory
---------

+----------------+------+-------+-----------+-------+
|    Site Type   | Used | Fixed | Available | Util% |
+----------------+------+-------+-----------+-------+
| Block RAM Tile |    0 |     0 |        50 |  0.00 |
|   RAMB36/FIFO* |    0 |     0 |        50 |  0.00 |
|   RAMB18       |    0 |     0 |       100 |  0.00 |
+----------------+------+-------+-----------+-------+
* Note: Each Block RAM Tile only has one FIFO logic available and therefore can accommodate only one FIFO36E1 or one FIFO18E1. However, if a FIFO18E1 occupies a Block RAM Tile, that tile can still accommodate a RAMB18E1


3. DSP
------

+----------------+------+-------+-----------+-------+
|    Site Type   | Used | Fixed | Available | Util% |
+----------------+------+-------+-----------+-------+
| DSPs           |    1 |     0 |        66 |  1.52 |
|   DSP48E1 only |    1 |       |           |       |
+----------------+------+-------+-----------+-------+


4. IO and GT Specific
---------------------

+-----------------------------+------+-------+-----------+-------+
|          Site Type          | Used | Fixed | Available | Util% |
+-----------------------------+------+-------+-----------+-------+
| Bonded IOB                  |    0 |     0 |        54 |  0.00 |
| Bonded IPADs                |    0 |     0 |         2 |  0.00 |
| Bonded IOPADs               |    0 |     0 |       130 |  0.00 |
| PHY_CONTROL                 |    0 |     0 |         2 |  0.00 |
| PHASER_REF                  |    0 |     0 |         2 |  0.00 |
| OUT_FIFO                    |    0 |     0 |         8 |  0.00 |
| IN_FIFO                     |    0 |     0 |         8 |  0.00 |
| IDELAYCTRL                  |    0 |     0 |         2 |  0.00 |
| IBUFDS                      |    0 |     0 |        54 |  0.00 |
| PHASER_OUT/PHASER_OUT_PHY   |    0 |     0 |         8 |  0.00 |
| PHASER_IN/PHASER_IN_PHY     |    0 |     0 |         8 |  0.00 |
| IDELAYE2/IDELAYE2_FINEDELAY |    0 |     0 |       100 |  0.00 |
| ILOGIC                      |    0 |     0 |        54 |  0.00 |
| OLOGIC                      |    0 |     0 |        54 |  0.00 |
+-----------------------------+------+-------+-----------+-------+


5. Clocking
-----------

+------------+------+-------+-----------+-------+
|  Site Type | Used | Fixed | Available | Util% |
+------------+------+-------+-----------+-------+
| BUFGCTRL   |    0 |     0 |        32 |  0.00 |
| BUFIO      |    0 |     0 |         8 |  0.00 |
| MMCME2_ADV |    0 |     0 |         2 |  0.00 |
| PLLE2_ADV  |    0 |     0 |         2 |  0.00 |
| BUFMRCE    |    0 |     0 |         4 |  0.00 |
| BUFHCE     |    0 |     0 |        48 |  0.00 |
| BUFR       |    0 |     0 |         8 |  0.00 |
+------------+------+-------+-----------+-------+


6. Specific Feature
-------------------

+-------------+------+-------+-----------+-------+
|  Site Type  | Used | Fixed | Available | Util% |
+-------------+------+-------+-----------+-------+
| BSCANE2     |    0 |     0 |         4 |  0.00 |
| CAPTUREE2   |    0 |     0 |         1 |  0.00 |
| DNA_PORT    |    0 |     0 |         1 |  0.00 |
| EFUSE_USR   |    0 |     0 |         1 |  0.00 |
| FRAME_ECCE2 |    0 |     0 |         1 |  0.00 |
| ICAPE2      |    0 |     0 |         2 |  0.00 |
| STARTUPE2   |    0 |     0 |         1 |  0.00 |
| XADC        |    0 |     0 |         1 |  0.00 |
+-------------+------+-------+-----------+-------+


7. Primitives
-------------

+----------+------+---------------------+
| Ref Name | Used | Functional Category |
+----------+------+---------------------+
| FDRE     |  636 |        Flop & Latch |
| LUT6     |  278 |                 LUT |
| LUT5     |  135 |                 LUT |
| RAMD32   |   72 |  Distributed Memory |
| RAMS64E  |   64 |  Distributed Memory |
| LUT2     |   41 |                 LUT |
| LUT4     |   36 |                 LUT |
| CARRY4   |   34 |          CarryLogic |
| MUXF7    |   32 |               MuxFx |
| LUT1     |   25 |                 LUT |
| RAMS32   |   24 |  Distributed Memory |
| SRLC32E  |   18 |  Distributed Memory |
| SRL16E   |   16 |  Distributed Memory |
| MUXF8    |   16 |               MuxFx |
| LUT3     |   10 |                 LUT |
| FDSE     |    4 |        Flop & Latch |
| DSP48E1  |    1 |    Block Arithmetic |
+----------+------+---------------------+


8. Black Boxes
--------------

+----------+------+
| Ref Name | Used |
+----------+------+


9. Instantiated Netlists
------------------------

+----------+------+
| Ref Name | Used |
+----------+------+


